0 info it worked if it ends with ok
1 verbose cli [ '/Users/jaschavanaalst/.nvm/versions/node/v10.17.0/bin/node',
1 verbose cli   '/Users/jaschavanaalst/.nvm/versions/node/v10.17.0/bin/npm',
1 verbose cli   'run',
1 verbose cli   'start:electron' ]
2 info using npm@6.11.3
3 info using node@v10.17.0
4 verbose run-script [ 'prestart:electron', 'start:electron', 'poststart:electron' ]
5 info lifecycle f-one-manager@0.0.0~prestart:electron: f-one-manager@0.0.0
6 info lifecycle f-one-manager@0.0.0~start:electron: f-one-manager@0.0.0
7 verbose lifecycle f-one-manager@0.0.0~start:electron: unsafe-perm in lifecycle true
8 verbose lifecycle f-one-manager@0.0.0~start:electron: PATH: /Users/jaschavanaalst/.nvm/versions/node/v10.17.0/lib/node_modules/npm/node_modules/npm-lifecycle/node-gyp-bin:/Users/jaschavanaalst/Programming/node/electron/f-one-manager/node_modules/.bin:/usr/local/sbin:/Users/jaschavanaalst/.nvm/versions/node/v10.17.0/bin:/usr/local/bin:/usr/bin:/bin:/usr/sbin:/sbin:/Users/jaschavanaalst/Programming/node/electron/f-one-manager/node_modules/.bin:/Users/jaschavanaalst/.composer/vendor/bin
9 verbose lifecycle f-one-manager@0.0.0~start:electron: CWD: /Users/jaschavanaalst/Programming/node/electron/f-one-manager
10 silly lifecycle f-one-manager@0.0.0~start:electron: Args: [ '-c', 'ng build --base-href ./ && electron .' ]
11 silly lifecycle f-one-manager@0.0.0~start:electron: Returned: code: 1  signal: null
12 info lifecycle f-one-manager@0.0.0~start:electron: Failed to exec start:electron script
13 verbose stack Error: f-one-manager@0.0.0 start:electron: `ng build --base-href ./ && electron .`
13 verbose stack Exit status 1
13 verbose stack     at EventEmitter.<anonymous> (/Users/jaschavanaalst/.nvm/versions/node/v10.17.0/lib/node_modules/npm/node_modules/npm-lifecycle/index.js:332:16)
13 verbose stack     at EventEmitter.emit (events.js:198:13)
13 verbose stack     at ChildProcess.<anonymous> (/Users/jaschavanaalst/.nvm/versions/node/v10.17.0/lib/node_modules/npm/node_modules/npm-lifecycle/lib/spawn.js:55:14)
13 verbose stack     at ChildProcess.emit (events.js:198:13)
13 verbose stack     at maybeClose (internal/child_process.js:982:16)
13 verbose stack     at Process.ChildProcess._handle.onexit (internal/child_process.js:259:5)
14 verbose pkgid f-one-manager@0.0.0
15 verbose cwd /Users/jaschavanaalst/Programming/node/electron/f-one-manager
16 verbose Darwin 19.0.0
17 verbose argv "/Users/jaschavanaalst/.nvm/versions/node/v10.17.0/bin/node" "/Users/jaschavanaalst/.nvm/versions/node/v10.17.0/bin/npm" "run" "start:electron"
18 verbose node v10.17.0
19 verbose npm  v6.11.3
20 error code ELIFECYCLE
21 error errno 1
22 error f-one-manager@0.0.0 start:electron: `ng build --base-href ./ && electron .`
22 error Exit status 1
23 error Failed at the f-one-manager@0.0.0 start:electron script.
23 error This is probably not a problem with npm. There is likely additional logging output above.
24 verbose exit [ 1, true ]
