0 info it worked if it ends with ok
1 verbose cli [ '/Users/jaschavanaalst/.nvm/versions/node/v10.17.0/bin/node',
1 verbose cli   '/Users/jaschavanaalst/.nvm/versions/node/v10.17.0/bin/npm',
1 verbose cli   'publish' ]
2 info using npm@6.11.3
3 info using node@v10.17.0
4 verbose npm-session 06038b0781252cd8
5 verbose publish [ '.' ]
6 info lifecycle mind-module-firebase-notifcare@1.0.4~prepublish: mind-module-firebase-notifcare@1.0.4
7 info lifecycle mind-module-firebase-notifcare@1.0.4~prepare: mind-module-firebase-notifcare@1.0.4
8 info lifecycle mind-module-firebase-notifcare@1.0.4~prepublishOnly: mind-module-firebase-notifcare@1.0.4
9 info lifecycle mind-module-firebase-notifcare@1.0.4~prepack: mind-module-firebase-notifcare@1.0.4
10 info lifecycle mind-module-firebase-notifcare@1.0.4~postpack: mind-module-firebase-notifcare@1.0.4
11 notice
12 notice 📦  mind-module-firebase-notifcare@1.0.4
13 notice === Tarball Contents ===
14 notice 336B  .idea/mind-module-firebase-notificare.iml
14 notice 1.5kB src/android/FirebaseNotificarePushService.java
14 notice 583B  package.json
14 notice 174B  .idea/misc.xml
14 notice 314B  .idea/modules.xml
14 notice 1.3kB plugin.xml
14 notice 167B  .idea/vcs.xml
14 notice 3.0kB .idea/workspace.xml
15 notice === Tarball Details ===
16 notice name:          mind-module-firebase-notifcare
16 notice version:       1.0.4
16 notice package size:  2.7 kB
16 notice unpacked size: 7.3 kB
16 notice shasum:        3a5c2ebcc9e40ec6e6bd49888de10fceb87539d7
16 notice integrity:     sha512-cug/Qq8w6qUYe[...]1DF6eUgf9q2sQ==
16 notice total files:   8
17 notice
18 http fetch PUT 401 https://nexusrepo.pondevelopment.com/repository/mind-npm/mind-module-firebase-notifcare 197ms
19 verbose stack Error: Unable to authenticate, need: BASIC realm="Sonatype Nexus Repository Manager"
19 verbose stack     at res.buffer.catch.then.body (/Users/jaschavanaalst/.nvm/versions/node/v10.17.0/lib/node_modules/npm/node_modules/npm-registry-fetch/check-response.js:94:17)
19 verbose stack     at process._tickCallback (internal/process/next_tick.js:68:7)
20 verbose statusCode 401
21 verbose pkgid mind-module-firebase-notifcare@1.0.4
22 verbose cwd /Users/jaschavanaalst/SocialBrothers/Projects/MIND/plugins/mind-module-firebase-notificare
23 verbose Darwin 19.0.0
24 verbose argv "/Users/jaschavanaalst/.nvm/versions/node/v10.17.0/bin/node" "/Users/jaschavanaalst/.nvm/versions/node/v10.17.0/bin/npm" "publish"
25 verbose node v10.17.0
26 verbose npm  v6.11.3
27 error code E401
28 error Unable to authenticate, need: BASIC realm="Sonatype Nexus Repository Manager"
29 verbose exit [ 1, true ]
